<?xml version="1.0" encoding="UTF-8"?>
<!-- Generated by org.testng.reporters.JUnitXMLReporter -->
<testsuite hostname="DESKTOP-3MGD66O" ignored="0" name="Verizon!" tests="4" failures="0" timestamp="2020-07-16T16:35:27 EDT" time="68.643" errors="0">
  <testcase name="f" time="14.546" classname="RunVer.DataProvVer"/>
  <testcase name="f" time="15.742" classname="RunVer.DataProvVer"/>
  <testcase name="f" time="14.457" classname="RunVer.DataProvVer"/>
  <testcase name="f" time="14.121" classname="RunVer.DataProvVer"/>
</testsuite> <!-- Verizon! -->
