<?xml version="1.0" encoding="UTF-8"?>
<!-- Generated by org.testng.reporters.JUnitXMLReporter -->
<testsuite hostname="DESKTOP-3MGD66O" ignored="0" name="Verizon" tests="4" failures="0" timestamp="2020-07-16T16:34:18 EDT" time="66.672" errors="0">
  <testcase name="f" time="12.606" classname="RunVer.DataProvVer"/>
  <testcase name="f" time="14.484" classname="RunVer.DataProvVer"/>
  <testcase name="f" time="12.506" classname="RunVer.DataProvVer"/>
  <testcase name="f" time="12.334" classname="RunVer.DataProvVer"/>
</testsuite> <!-- Verizon -->
